<?xml version="1.0" encoding="UTF-8" ?>
<testsuite tests="8" failures="0" name="edu.chl.hajo.shop.core.TestShopPersistence" time="7.622" errors="0" skipped="0">
  <properties>
    <property name="java.runtime.name" value="Java(TM) SE Runtime Environment"/>
    <property name="sun.boot.library.path" value="/chalmers/groups/ws-devel/jdk1.8.0_25/jre/lib/amd64"/>
    <property name="java.vm.version" value="25.25-b02"/>
    <property name="java.vm.vendor" value="Oracle Corporation"/>
    <property name="java.vendor.url" value="http://java.oracle.com/"/>
    <property name="path.separator" value=":"/>
    <property name="guice.disable.misplaced.annotation.check" value="true"/>
    <property name="java.vm.name" value="Java HotSpot(TM) 64-Bit Server VM"/>
    <property name="file.encoding.pkg" value="sun.io"/>
    <property name="user.country" value="US"/>
    <property name="sun.java.launcher" value="SUN_STANDARD"/>
    <property name="sun.os.patch.level" value="unknown"/>
    <property name="test" value="edu.chl.hajo.shop.core.TestShopPersistence"/>
    <property name="java.vm.specification.name" value="Java Virtual Machine Specification"/>
    <property name="user.dir" value="/chalmers/users/linnl/Desktop/Webbapplikationer/Workshop4/jpa_shop2"/>
    <property name="java.runtime.version" value="1.8.0_25-b17"/>
    <property name="java.awt.graphicsenv" value="sun.awt.X11GraphicsEnvironment"/>
    <property name="java.endorsed.dirs" value="/chalmers/groups/ws-devel/jdk1.8.0_25/jre/lib/endorsed"/>
    <property name="os.arch" value="amd64"/>
    <property name="java.io.tmpdir" value="/tmp"/>
    <property name="line.separator" value="
"/>
    <property name="java.vm.specification.vendor" value="Oracle Corporation"/>
    <property name="os.name" value="Linux"/>
    <property name="maven.ext.class.path" value="/chalmers/groups/ws-devel/netbeans-8.0.2/java/maven-nblib/netbeans-eventspy.jar:/chalmers/groups/ws-devel/netbeans-8.0.2/java/maven-nblib/netbeans-cos.jar"/>
    <property name="classworlds.conf" value="/chalmers/groups/ws-devel/netbeans-8.0.2/java/maven/bin/m2.conf"/>
    <property name="sun.jnu.encoding" value="UTF-8"/>
    <property name="java.library.path" value="/chalmers/groups/ws-devel/jdk1.8.0_25/jre/lib/amd64:/chalmers/groups/ws-devel/jdk1.8.0_25/jre/lib/i386:/:/usr/java/packages/lib/amd64:/usr/lib64:/lib64:/lib:/usr/lib"/>
    <property name="java.specification.name" value="Java Platform API Specification"/>
    <property name="java.class.version" value="52.0"/>
    <property name="sun.management.compiler" value="HotSpot 64-Bit Tiered Compilers"/>
    <property name="os.version" value="2.6.32-573.18.1.el6.x86_64"/>
    <property name="user.home" value="/chalmers/users/linnl"/>
    <property name="user.timezone" value="Europe/Stockholm"/>
    <property name="java.awt.printerjob" value="sun.print.PSPrinterJob"/>
    <property name="java.specification.version" value="1.8"/>
    <property name="file.encoding" value="UTF-8"/>
    <property name="user.name" value="linnl"/>
    <property name="java.class.path" value="/chalmers/groups/ws-devel/netbeans-8.0.2/java/maven/boot/plexus-classworlds-2.4.jar"/>
    <property name="java.vm.specification.version" value="1.8"/>
    <property name="sun.arch.data.model" value="64"/>
    <property name="java.home" value="/chalmers/groups/ws-devel/jdk1.8.0_25/jre"/>
    <property name="sun.java.command" value="org.codehaus.plexus.classworlds.launcher.Launcher -Dtest=edu.chl.hajo.shop.core.TestShopPersistence -Dmaven.ext.class.path=/chalmers/groups/ws-devel/netbeans-8.0.2/java/maven-nblib/netbeans-eventspy.jar:/chalmers/groups/ws-devel/netbeans-8.0.2/java/maven-nblib/netbeans-cos.jar surefire:test"/>
    <property name="java.specification.vendor" value="Oracle Corporation"/>
    <property name="user.language" value="en"/>
    <property name="awt.toolkit" value="sun.awt.X11.XToolkit"/>
    <property name="java.vm.info" value="mixed mode"/>
    <property name="java.version" value="1.8.0_25"/>
    <property name="java.ext.dirs" value="/chalmers/groups/ws-devel/jdk1.8.0_25/jre/lib/ext:/usr/java/packages/lib/ext"/>
    <property name="securerandom.source" value="file:/dev/./urandom"/>
    <property name="sun.boot.class.path" value="/chalmers/groups/ws-devel/jdk1.8.0_25/jre/lib/resources.jar:/chalmers/groups/ws-devel/jdk1.8.0_25/jre/lib/rt.jar:/chalmers/groups/ws-devel/jdk1.8.0_25/jre/lib/sunrsasign.jar:/chalmers/groups/ws-devel/jdk1.8.0_25/jre/lib/jsse.jar:/chalmers/groups/ws-devel/jdk1.8.0_25/jre/lib/jce.jar:/chalmers/groups/ws-devel/jdk1.8.0_25/jre/lib/charsets.jar:/chalmers/groups/ws-devel/jdk1.8.0_25/jre/lib/jfr.jar:/chalmers/groups/ws-devel/jdk1.8.0_25/jre/classes"/>
    <property name="java.vendor" value="Oracle Corporation"/>
    <property name="maven.home" value="/chalmers/groups/ws-devel/netbeans-8.0.2/java/maven"/>
    <property name="file.separator" value="/"/>
    <property name="java.vendor.url.bug" value="http://bugreport.sun.com/bugreport/"/>
    <property name="sun.cpu.endian" value="little"/>
    <property name="sun.io.unicode.encoding" value="UnicodeLittle"/>
    <property name="sun.desktop" value="gnome"/>
    <property name="sun.cpu.isalist" value=""/>
  </properties>
  <testcase classname="edu.chl.hajo.shop.core.TestShopPersistence" name="testPersistAProduct" time="0.692"/>
  <testcase classname="edu.chl.hajo.shop.core.TestShopPersistence" name="testDeleteProduct" time="0.05"/>
  <testcase classname="edu.chl.hajo.shop.core.TestShopPersistence" name="testUpdateProduct" time="0.046"/>
  <testcase classname="edu.chl.hajo.shop.core.TestShopPersistence" name="findAll" time="0.073"/>
  <testcase classname="edu.chl.hajo.shop.core.TestShopPersistence" name="testProductGetByName" time="0.042"/>
  <testcase classname="edu.chl.hajo.shop.core.TestShopPersistence" name="testFindRange" time="0.12"/>
  <testcase classname="edu.chl.hajo.shop.core.TestShopPersistence" name="testCount" time="0.09"/>
  <testcase classname="edu.chl.hajo.shop.core.TestShopPersistence" name="find" time="0.042"/>
</testsuite>